M:\MPROF\PROGRAMMING GAMES\DX FRAMEWORK\ENGINE\DEBUG\ENGINE.EXE
M:\MPROF\PROGRAMMING GAMES\DX FRAMEWORK\ENGINE\DEBUG\ENGINE.ILK
M:\MPROF\PROGRAMMING GAMES\DX FRAMEWORK\ENGINE\DEBUG\ENGINE.PDB
M:\MPROF\PROGRAMMING GAMES\DX FRAMEWORK\ENGINE\ENGINE\DEBUG\CAMERACLASS.OBJ
M:\MPROF\PROGRAMMING GAMES\DX FRAMEWORK\ENGINE\ENGINE\DEBUG\CPUCLASS.OBJ
M:\MPROF\PROGRAMMING GAMES\DX FRAMEWORK\ENGINE\ENGINE\DEBUG\D3DCLASS.OBJ
M:\MPROF\PROGRAMMING GAMES\DX FRAMEWORK\ENGINE\ENGINE\DEBUG\DEBUGWINDOWCLASS.OBJ
M:\MPROF\PROGRAMMING GAMES\DX FRAMEWORK\ENGINE\ENGINE\DEBUG\ENGINE.EXE.EMBED.MANIFEST.RES
M:\MPROF\PROGRAMMING GAMES\DX FRAMEWORK\ENGINE\ENGINE\DEBUG\ENGINE.EXE.INTERMEDIATE.MANIFEST
M:\MPROF\PROGRAMMING GAMES\DX FRAMEWORK\ENGINE\ENGINE\DEBUG\FONTCLASS.OBJ
M:\MPROF\PROGRAMMING GAMES\DX FRAMEWORK\ENGINE\ENGINE\DEBUG\FONTSHADERCLASS.OBJ
M:\MPROF\PROGRAMMING GAMES\DX FRAMEWORK\ENGINE\ENGINE\DEBUG\FPSCLASS.OBJ
M:\MPROF\PROGRAMMING GAMES\DX FRAMEWORK\ENGINE\ENGINE\DEBUG\GAMEOBJECT.OBJ
M:\MPROF\PROGRAMMING GAMES\DX FRAMEWORK\ENGINE\ENGINE\DEBUG\GRAPHICSCLASS.OBJ
M:\MPROF\PROGRAMMING GAMES\DX FRAMEWORK\ENGINE\ENGINE\DEBUG\INPUTCLASS.OBJ
M:\MPROF\PROGRAMMING GAMES\DX FRAMEWORK\ENGINE\ENGINE\DEBUG\LIGHTCLASS.OBJ
M:\MPROF\PROGRAMMING GAMES\DX FRAMEWORK\ENGINE\ENGINE\DEBUG\LIGHTSHADERCLASS.OBJ
M:\MPROF\PROGRAMMING GAMES\DX FRAMEWORK\ENGINE\ENGINE\DEBUG\MAIN.OBJ
M:\MPROF\PROGRAMMING GAMES\DX FRAMEWORK\ENGINE\ENGINE\DEBUG\MODELCLASS.OBJ
M:\MPROF\PROGRAMMING GAMES\DX FRAMEWORK\ENGINE\ENGINE\DEBUG\MODELINFO.OBJ
M:\MPROF\PROGRAMMING GAMES\DX FRAMEWORK\ENGINE\ENGINE\DEBUG\RENDERLISTCLASS.OBJ
M:\MPROF\PROGRAMMING GAMES\DX FRAMEWORK\ENGINE\ENGINE\DEBUG\RENDERTEXTURECLASS.OBJ
M:\MPROF\PROGRAMMING GAMES\DX FRAMEWORK\ENGINE\ENGINE\DEBUG\SCENEGRAPHOBJECTCLASS.OBJ
M:\MPROF\PROGRAMMING GAMES\DX FRAMEWORK\ENGINE\ENGINE\DEBUG\SYSTEMCLASS.OBJ
M:\MPROF\PROGRAMMING GAMES\DX FRAMEWORK\ENGINE\ENGINE\DEBUG\TEXTCLASS.OBJ
M:\MPROF\PROGRAMMING GAMES\DX FRAMEWORK\ENGINE\ENGINE\DEBUG\TEXTURECLASS.OBJ
M:\MPROF\PROGRAMMING GAMES\DX FRAMEWORK\ENGINE\ENGINE\DEBUG\TEXTURESHADERCLASS.OBJ
M:\MPROF\PROGRAMMING GAMES\DX FRAMEWORK\ENGINE\ENGINE\DEBUG\TIMERCLASS.OBJ
M:\MPROF\PROGRAMMING GAMES\DX FRAMEWORK\ENGINE\ENGINE\DEBUG\VC100.PDB
M:\Mprof\Programming Games\DXframework  Normal Mapping\Engine\Debug\Engine.pdb
M:\MPROF\PROGRAMMING GAMES\DXFRAMEWORK  NORMAL MAPPING\ENGINE\ENGINE\DEBUG\CAMERACLASS.OBJ
M:\Mprof\Programming Games\DXframework  Normal Mapping\Engine\Engine\Debug\cl.command.1.tlog
M:\Mprof\Programming Games\DXframework  Normal Mapping\Engine\Engine\Debug\CL.read.1.tlog
M:\Mprof\Programming Games\DXframework  Normal Mapping\Engine\Engine\Debug\CL.write.1.tlog
M:\MPROF\PROGRAMMING GAMES\DXFRAMEWORK  NORMAL MAPPING\ENGINE\ENGINE\DEBUG\CPUCLASS.OBJ
M:\MPROF\PROGRAMMING GAMES\DXFRAMEWORK  NORMAL MAPPING\ENGINE\ENGINE\DEBUG\D3DCLASS.OBJ
M:\MPROF\PROGRAMMING GAMES\DXFRAMEWORK  NORMAL MAPPING\ENGINE\ENGINE\DEBUG\DEBUGWINDOWCLASS.OBJ
M:\Mprof\Programming Games\DXframework  Normal Mapping\Engine\Engine\Debug\Engine.exe.embed.manifest
M:\Mprof\Programming Games\DXframework  Normal Mapping\Engine\Engine\Debug\Engine.exe.embed.manifest.res
M:\Mprof\Programming Games\DXframework  Normal Mapping\Engine\Engine\Debug\Engine.exe.intermediate.manifest
M:\Mprof\Programming Games\DXframework  Normal Mapping\Engine\Engine\Debug\Engine.vcxprojResolveAssemblyReference.cache
M:\Mprof\Programming Games\DXframework  Normal Mapping\Engine\Engine\Debug\Engine.write.1.tlog
M:\Mprof\Programming Games\DXframework  Normal Mapping\Engine\Engine\Debug\Engine_manifest.rc
M:\MPROF\PROGRAMMING GAMES\DXFRAMEWORK  NORMAL MAPPING\ENGINE\ENGINE\DEBUG\FONTCLASS.OBJ
M:\MPROF\PROGRAMMING GAMES\DXFRAMEWORK  NORMAL MAPPING\ENGINE\ENGINE\DEBUG\FONTSHADERCLASS.OBJ
M:\MPROF\PROGRAMMING GAMES\DXFRAMEWORK  NORMAL MAPPING\ENGINE\ENGINE\DEBUG\FPSCLASS.OBJ
M:\MPROF\PROGRAMMING GAMES\DXFRAMEWORK  NORMAL MAPPING\ENGINE\ENGINE\DEBUG\GAMEOBJECT.OBJ
M:\MPROF\PROGRAMMING GAMES\DXFRAMEWORK  NORMAL MAPPING\ENGINE\ENGINE\DEBUG\GRAPHICSCLASS.OBJ
M:\MPROF\PROGRAMMING GAMES\DXFRAMEWORK  NORMAL MAPPING\ENGINE\ENGINE\DEBUG\INPUTCLASS.OBJ
M:\MPROF\PROGRAMMING GAMES\DXFRAMEWORK  NORMAL MAPPING\ENGINE\ENGINE\DEBUG\LIGHTCLASS.OBJ
M:\MPROF\PROGRAMMING GAMES\DXFRAMEWORK  NORMAL MAPPING\ENGINE\ENGINE\DEBUG\LIGHTSHADERCLASS.OBJ
M:\Mprof\Programming Games\DXframework  Normal Mapping\Engine\Engine\Debug\link.10184.read.1.tlog
M:\Mprof\Programming Games\DXframework  Normal Mapping\Engine\Engine\Debug\link.10184.write.1.tlog
M:\Mprof\Programming Games\DXframework  Normal Mapping\Engine\Engine\Debug\link.10184-cvtres.read.1.tlog
M:\Mprof\Programming Games\DXframework  Normal Mapping\Engine\Engine\Debug\link.10184-cvtres.write.1.tlog
M:\Mprof\Programming Games\DXframework  Normal Mapping\Engine\Engine\Debug\link.5896.read.1.tlog
M:\Mprof\Programming Games\DXframework  Normal Mapping\Engine\Engine\Debug\link.5896.write.1.tlog
M:\Mprof\Programming Games\DXframework  Normal Mapping\Engine\Engine\Debug\link.5896-cvtres.read.1.tlog
M:\Mprof\Programming Games\DXframework  Normal Mapping\Engine\Engine\Debug\link.5896-cvtres.write.1.tlog
M:\Mprof\Programming Games\DXframework  Normal Mapping\Engine\Engine\Debug\link.8076.read.1.tlog
M:\Mprof\Programming Games\DXframework  Normal Mapping\Engine\Engine\Debug\link.8076.write.1.tlog
M:\Mprof\Programming Games\DXframework  Normal Mapping\Engine\Engine\Debug\link.8076-cvtres.read.1.tlog
M:\Mprof\Programming Games\DXframework  Normal Mapping\Engine\Engine\Debug\link.8076-cvtres.write.1.tlog
M:\Mprof\Programming Games\DXframework  Normal Mapping\Engine\Engine\Debug\link.command.1.tlog
M:\Mprof\Programming Games\DXframework  Normal Mapping\Engine\Engine\Debug\link.read.1.tlog
M:\Mprof\Programming Games\DXframework  Normal Mapping\Engine\Engine\Debug\link.write.1.tlog
M:\Mprof\Programming Games\DXframework  Normal Mapping\Engine\Engine\Debug\link-cvtres.read.1.tlog
M:\Mprof\Programming Games\DXframework  Normal Mapping\Engine\Engine\Debug\link-cvtres.write.1.tlog
M:\MPROF\PROGRAMMING GAMES\DXFRAMEWORK  NORMAL MAPPING\ENGINE\ENGINE\DEBUG\MAIN.OBJ
M:\MPROF\PROGRAMMING GAMES\DXFRAMEWORK  NORMAL MAPPING\ENGINE\ENGINE\DEBUG\MODELCLASS.OBJ
M:\MPROF\PROGRAMMING GAMES\DXFRAMEWORK  NORMAL MAPPING\ENGINE\ENGINE\DEBUG\MODELINFO.OBJ
M:\Mprof\Programming Games\DXframework  Normal Mapping\Engine\Engine\Debug\mt.command.1.tlog
M:\Mprof\Programming Games\DXframework  Normal Mapping\Engine\Engine\Debug\mt.read.1.tlog
M:\Mprof\Programming Games\DXframework  Normal Mapping\Engine\Engine\Debug\mt.write.1.tlog
M:\MPROF\PROGRAMMING GAMES\DXFRAMEWORK  NORMAL MAPPING\ENGINE\ENGINE\DEBUG\NORMALMAPSHADER.OBJ
M:\Mprof\Programming Games\DXframework  Normal Mapping\Engine\Engine\Debug\rc.command.1.tlog
M:\Mprof\Programming Games\DXframework  Normal Mapping\Engine\Engine\Debug\rc.read.1.tlog
M:\Mprof\Programming Games\DXframework  Normal Mapping\Engine\Engine\Debug\rc.write.1.tlog
M:\MPROF\PROGRAMMING GAMES\DXFRAMEWORK  NORMAL MAPPING\ENGINE\ENGINE\DEBUG\RENDERLISTCLASS.OBJ
M:\MPROF\PROGRAMMING GAMES\DXFRAMEWORK  NORMAL MAPPING\ENGINE\ENGINE\DEBUG\RENDERTEXTURECLASS.OBJ
M:\MPROF\PROGRAMMING GAMES\DXFRAMEWORK  NORMAL MAPPING\ENGINE\ENGINE\DEBUG\SCENEGRAPHOBJECTCLASS.OBJ
M:\MPROF\PROGRAMMING GAMES\DXFRAMEWORK  NORMAL MAPPING\ENGINE\ENGINE\DEBUG\SYSTEMCLASS.OBJ
M:\MPROF\PROGRAMMING GAMES\DXFRAMEWORK  NORMAL MAPPING\ENGINE\ENGINE\DEBUG\TEXTCLASS.OBJ
M:\MPROF\PROGRAMMING GAMES\DXFRAMEWORK  NORMAL MAPPING\ENGINE\ENGINE\DEBUG\TEXTUREARRAYCLASS.OBJ
M:\MPROF\PROGRAMMING GAMES\DXFRAMEWORK  NORMAL MAPPING\ENGINE\ENGINE\DEBUG\TEXTURECLASS.OBJ
M:\MPROF\PROGRAMMING GAMES\DXFRAMEWORK  NORMAL MAPPING\ENGINE\ENGINE\DEBUG\TEXTURESHADERCLASS.OBJ
M:\MPROF\PROGRAMMING GAMES\DXFRAMEWORK  NORMAL MAPPING\ENGINE\ENGINE\DEBUG\TIMERCLASS.OBJ
M:\Mprof\Programming Games\DXframework  Normal Mapping\Engine\Engine\Debug\vc100.idb
M:\MPROF\PROGRAMMING GAMES\DXFRAMEWORK  NORMAL MAPPING\ENGINE\ENGINE\DEBUG\VC100.PDB
M:\MPROF\PROGRAMMING GAMES\DXFRAMEWORK\ENGINE\DEBUG\ENGINE.EXE
M:\MPROF\PROGRAMMING GAMES\DXFRAMEWORK\ENGINE\DEBUG\ENGINE.ILK
M:\MPROF\PROGRAMMING GAMES\DXFRAMEWORK\ENGINE\DEBUG\ENGINE.PDB
M:\MPROF\PROGRAMMING GAMES\DXFRAMEWORK\ENGINE\ENGINE\DEBUG\CAMERACLASS.OBJ
M:\MPROF\PROGRAMMING GAMES\DXFRAMEWORK\ENGINE\ENGINE\DEBUG\CPUCLASS.OBJ
M:\MPROF\PROGRAMMING GAMES\DXFRAMEWORK\ENGINE\ENGINE\DEBUG\D3DCLASS.OBJ
M:\MPROF\PROGRAMMING GAMES\DXFRAMEWORK\ENGINE\ENGINE\DEBUG\DEBUGWINDOWCLASS.OBJ
M:\MPROF\PROGRAMMING GAMES\DXFRAMEWORK\ENGINE\ENGINE\DEBUG\ENGINE.EXE.EMBED.MANIFEST.RES
M:\MPROF\PROGRAMMING GAMES\DXFRAMEWORK\ENGINE\ENGINE\DEBUG\ENGINE.EXE.INTERMEDIATE.MANIFEST
M:\MPROF\PROGRAMMING GAMES\DXFRAMEWORK\ENGINE\ENGINE\DEBUG\FONTCLASS.OBJ
M:\MPROF\PROGRAMMING GAMES\DXFRAMEWORK\ENGINE\ENGINE\DEBUG\FONTSHADERCLASS.OBJ
M:\MPROF\PROGRAMMING GAMES\DXFRAMEWORK\ENGINE\ENGINE\DEBUG\FPSCLASS.OBJ
M:\MPROF\PROGRAMMING GAMES\DXFRAMEWORK\ENGINE\ENGINE\DEBUG\GAMEOBJECT.OBJ
M:\MPROF\PROGRAMMING GAMES\DXFRAMEWORK\ENGINE\ENGINE\DEBUG\GRAPHICSCLASS.OBJ
M:\MPROF\PROGRAMMING GAMES\DXFRAMEWORK\ENGINE\ENGINE\DEBUG\INPUTCLASS.OBJ
M:\MPROF\PROGRAMMING GAMES\DXFRAMEWORK\ENGINE\ENGINE\DEBUG\LIGHTCLASS.OBJ
M:\MPROF\PROGRAMMING GAMES\DXFRAMEWORK\ENGINE\ENGINE\DEBUG\LIGHTSHADERCLASS.OBJ
M:\MPROF\PROGRAMMING GAMES\DXFRAMEWORK\ENGINE\ENGINE\DEBUG\MAIN.OBJ
M:\MPROF\PROGRAMMING GAMES\DXFRAMEWORK\ENGINE\ENGINE\DEBUG\MODELCLASS.OBJ
M:\MPROF\PROGRAMMING GAMES\DXFRAMEWORK\ENGINE\ENGINE\DEBUG\MODELINFO.OBJ
M:\MPROF\PROGRAMMING GAMES\DXFRAMEWORK\ENGINE\ENGINE\DEBUG\RENDERLISTCLASS.OBJ
M:\MPROF\PROGRAMMING GAMES\DXFRAMEWORK\ENGINE\ENGINE\DEBUG\RENDERTEXTURECLASS.OBJ
M:\MPROF\PROGRAMMING GAMES\DXFRAMEWORK\ENGINE\ENGINE\DEBUG\SCENEGRAPHOBJECTCLASS.OBJ
M:\MPROF\PROGRAMMING GAMES\DXFRAMEWORK\ENGINE\ENGINE\DEBUG\SYSTEMCLASS.OBJ
M:\MPROF\PROGRAMMING GAMES\DXFRAMEWORK\ENGINE\ENGINE\DEBUG\TEXTCLASS.OBJ
M:\MPROF\PROGRAMMING GAMES\DXFRAMEWORK\ENGINE\ENGINE\DEBUG\TEXTURECLASS.OBJ
M:\MPROF\PROGRAMMING GAMES\DXFRAMEWORK\ENGINE\ENGINE\DEBUG\TEXTURESHADERCLASS.OBJ
M:\MPROF\PROGRAMMING GAMES\DXFRAMEWORK\ENGINE\ENGINE\DEBUG\TIMERCLASS.OBJ
M:\MPROF\PROGRAMMING GAMES\DXFRAMEWORK\ENGINE\ENGINE\DEBUG\VC100.PDB
